#
# A fatal error has been detected by the Java Runtime Environment:
#
#  EXCEPTION_ACCESS_VIOLATION (0xc0000005) at pc=0x00007ff8edae7a8e, pid=20832, tid=20544
#
# JRE version: Java(TM) SE Runtime Environment (21.0.6+8) (build 21.0.6+8-LTS-188)
# Java VM: Java HotSpot(TM) 64-Bit Server VM (21.0.6+8-LTS-188, mixed mode, sharing, tiered, compressed oops, compressed class ptrs, g1 gc, windows-amd64)
# Problematic frame:
# V  [jvm.dll+0x6a7a8e]
#
# No core dump will be written. Minidumps are not enabled by default on client versions of Windows
#
# If you would like to submit a bug report, please visit:
#   https://bugreport.java.com/bugreport/crash.jsp
#

---------------  S U M M A R Y ------------

Command Line: C:\Users\exelc\AppData\Local\Temp\surefire11019781236381143051\surefirebooter-20250411195941015_3.jar C:\Users\exelc\AppData\Local\Temp\surefire11019781236381143051 2025-04-11T19-59-40_774-jvmRun1 surefire-20250411195941015_1tmp surefire_0-20250411195941015_2tmp

Host: AMD Ryzen 5 3600 6-Core Processor              , 12 cores, 31G,  Windows 11 , 64 bit Build 22621 (10.0.22621.5124)
Time: Fri Apr 11 19:59:45 2025 Hora estándar de Argentina elapsed time: 4.776569 seconds (0d 0h 0m 4s)

---------------  T H R E A D  ---------------

Current thread (0x0000024f5e45b020):  JavaThread "C2 CompilerThread1" daemon [_thread_in_native, id=20544, stack(0x000000c0b3200000,0x000000c0b3300000) (1024K)]


Current CompileTask:
C2:   4776 4583       4       jdk.internal.loader.ClassLoaders$AppClassLoader::loadClass (40 bytes)

Stack: [0x000000c0b3200000,0x000000c0b3300000],  sp=0x000000c0b32fc040,  free space=1008k
Native frames: (J=compiled Java code, j=interpreted, Vv=VM code, C=native code)
V  [jvm.dll+0x6a7a8e]
V  [jvm.dll+0x1db5ea]
V  [jvm.dll+0x6f16c9]
V  [jvm.dll+0x6f39ee]
V  [jvm.dll+0x6f1f23]
V  [jvm.dll+0x247855]
V  [jvm.dll+0x245df4]
V  [jvm.dll+0x1c6d2e]
V  [jvm.dll+0x2554f9]
V  [jvm.dll+0x253a8a]
V  [jvm.dll+0x3ee576]
V  [jvm.dll+0x7ff2fb]
V  [jvm.dll+0x6c8dbd]
C  [ucrtbase.dll+0x29333]
C  [KERNEL32.DLL+0x1259d]
C  [ntdll.dll+0x5af38]


siginfo: EXCEPTION_ACCESS_VIOLATION (0xc0000005), reading address 0x000002475c17c6d0


Registers:
RAX=0x0000000000000113, RBX=0x000000001c203db2, RCX=0x000002475c17c6d0, RDX=0x0000000000000000
RSP=0x000000c0b32fc040, RBP=0x00000000000017ff, RSI=0x0000024f5dcd0e58, RDI=0x0000000000000000
R8 =0x000000000000000b, R9 =0x0000024f5cb21580, R10=0x0000000000003fff, R11=0x0000024f5d763620
R12=0x0000000000000000, R13=0x0000024f5e023bd0, R14=0x0000000000000a00, R15=0x0000024f5fe78700
RIP=0x00007ff8edae7a8e, EFLAGS=0x0000000000010216


Register to memory mapping:

RAX=0x0000000000000113 is an unknown value
RBX=0x000000001c203db2 is an unknown value
RCX=0x000002475c17c6d0 is an unknown value
RDX=0x0 is null
RSP=0x000000c0b32fc040 is pointing into the stack for thread: 0x0000024f5e45b020
RBP=0x00000000000017ff is an unknown value
RSI=0x0000024f5dcd0e58 points into unknown readable memory: 0x00007ff8eddd2498 | 98 24 dd ed f8 7f 00 00
RDI=0x0 is null
R8 =0x000000000000000b is an unknown value
R9 =0x0000024f5cb21580 points into unknown readable memory: 0x0000024f5cb214c8 | c8 14 b2 5c 4f 02 00 00
R10=0x0000000000003fff is an unknown value
R11=0x0000024f5d763620 points into unknown readable memory: 0x00007ff8eddd6100 | 00 61 dd ed f8 7f 00 00
R12=0x0 is null
R13=0x0000024f5e023bd0 points into unknown readable memory: 0x0000024f5e45b020 | 20 b0 45 5e 4f 02 00 00
R14=0x0000000000000a00 is an unknown value
R15=0x0000024f5fe78700 points into unknown readable memory: 0x00007ff8ede5f9f8 | f8 f9 e5 ed f8 7f 00 00

Top of Stack: (sp=0x000000c0b32fc040)
0x000000c0b32fc040:   0000024f5e023bd0 0000000000000000
0x000000c0b32fc050:   000000c0b32fc330 0000024f5d763d60
0x000000c0b32fc060:   0000000000000000 00007ff8ed61b5ea
0x000000c0b32fc070:   0000024f5dcd0e58 000000c0b32fc330
0x000000c0b32fc080:   0000000000000038 0000024f5d6e9158
0x000000c0b32fc090:   0000024f5cb2b088 00007ff8edb316c9
0x000000c0b32fc0a0:   0000024f5dcd0e58 00000000000009f8
0x000000c0b32fc0b0:   0000024f5e023bd0 0000000000000000
0x000000c0b32fc0c0:   000000c0b32fc330 00007ff8edb339ee
0x000000c0b32fc0d0:   0000024f5dcd0e58 0000024f0000011a
0x000000c0b32fc0e0:   00000000000017fe 000000c0b32fc330
0x000000c0b32fc0f0:   000000c0b32fc330 00007ff8edb31f23
0x000000c0b32fc100:   000000c0b32fe320 0000024f5dcd0e58
0x000000c0b32fc110:   0000024f5c1962c8 0000000000040298
0x000000c0b32fc120:   0000024f5e023c20 00007ff8eddfb7c8
0x000000c0b32fc130:   0000024f5d069c10 00007ff8ed687855
0x000000c0b32fc140:   0000000000000000 0000024f5c191f30
0x000000c0b32fc150:   000000c0b32fe320 000000c0b32fc240
0x000000c0b32fc160:   0000024f5e45b000 0000000000040298
0x000000c0b32fc170:   0000000000000000 0000000000000000
0x000000c0b32fc180:   0000000000000000 0000024f174c4400
0x000000c0b32fc190:   0000eab64c252721 00007ff8eddfb7c8
0x000000c0b32fc1a0:   0000000000000000 0000000000000000
0x000000c0b32fc1b0:   0000000000000000 00007ff8eddfb7c8
0x000000c0b32fc1c0:   0000024f17486c00 0000024f17069fc0
0x000000c0b32fc1d0:   0000024f6f73b9d0 0000024f5c18e2e0
0x000000c0b32fc1e0:   0000000000040298 0000024f5c1962c8
0x000000c0b32fc1f0:   0000000000000000 0000000000000000
0x000000c0b32fc200:   0000024f5e45b020 0000024f17069fc0
0x000000c0b32fc210:   0000024f5e45b020 000000c0b32fc330
0x000000c0b32fc220:   0000024f17060000 0000000000000000
0x000000c0b32fc230:   0000024f5e45b020 0000000000000000 

Instructions: (pc=0x00007ff8edae7a8e)
0x00007ff8edae798e:   e0 1f 3c 15 0f 94 c0 48 8b 5c 24 30 48 8b 74 24
0x00007ff8edae799e:   38 48 83 c4 20 5f c3 48 8b 03 48 8b cb ff 10 3b
0x00007ff8edae79ae:   c6 0f 85 20 ff ff ff 48 8b 43 08 48 39 78 10 0f
0x00007ff8edae79be:   85 12 ff ff ff b0 01 48 8b 5c 24 30 48 8b 74 24
0x00007ff8edae79ce:   38 48 83 c4 20 5f c3 48 8b 03 48 8b cb ff 10 48
0x00007ff8edae79de:   8b 5c 24 30 3d d5 00 00 00 48 8b 74 24 38 0f 94
0x00007ff8edae79ee:   c0 48 83 c4 20 5f c3 cc cc cc cc cc cc cc cc cc
0x00007ff8edae79fe:   cc cc 48 89 5c 24 08 57 48 83 ec 20 48 8b f9 33
0x00007ff8edae7a0e:   db 8b 49 18 85 c9 74 18 48 8b 47 08 8b d1 0f 1f
0x00007ff8edae7a1e:   40 00 03 db 2b 18 48 8d 40 08 48 83 ea 01 75 f2
0x00007ff8edae7a2e:   48 8b 07 48 8b cf ff 10 c1 eb 02 03 c3 48 8b 5c
0x00007ff8edae7a3e:   24 30 03 47 18 48 83 c4 20 5f c3 cc cc cc cc cc
0x00007ff8edae7a4e:   cc cc 48 89 5c 24 08 48 89 74 24 10 57 48 83 ec
0x00007ff8edae7a5e:   20 48 8b f1 33 db 8b 49 18 85 c9 74 14 48 8b 46
0x00007ff8edae7a6e:   08 8b d1 03 db 2b 18 48 8d 40 08 48 83 ea 01 75
0x00007ff8edae7a7e:   f2 48 8b 06 48 8b ce ff 10 48 8b 4e 38 c1 eb 02
0x00007ff8edae7a8e:   48 8b 11 8d 3c 03 03 7e 18 ff 52 50 48 8b 5c 24
0x00007ff8edae7a9e:   30 03 c7 48 8b 74 24 38 48 83 c4 20 5f c3 cc cc
0x00007ff8edae7aae:   cc cc 48 83 ec 28 ba c5 0a 00 00 48 8d 0d b0 21
0x00007ff8edae7abe:   38 00 e8 cb 60 bd ff cc cc cc cc cc cc cc cc cc
0x00007ff8edae7ace:   cc cc 48 89 5c 24 08 48 89 74 24 10 57 48 83 ec
0x00007ff8edae7ade:   20 8b f2 49 8b f8 33 d2 48 8b d9 e8 f2 e4 ff ff
0x00007ff8edae7aee:   8b 43 18 2b c6 83 e8 01 74 3c 4c 8b 4b 08 44 8d
0x00007ff8edae7afe:   46 01 49 ff c8 44 8b d0 4d 03 c2 48 8d 56 ff 49
0x00007ff8edae7b0e:   03 d2 4f 8d 04 c1 49 8d 14 d1 85 c0 74 18 0f 1f
0x00007ff8edae7b1e:   40 00 48 8b 02 48 8d 52 f8 49 89 00 4d 8d 40 f8
0x00007ff8edae7b2e:   49 83 ea 01 75 ec 48 8b 43 08 48 89 3c f0 48 85
0x00007ff8edae7b3e:   ff 74 0b 48 8b d3 48 8b cf e8 e4 3e 9e ff 8b 0d
0x00007ff8edae7b4e:   56 60 5c 00 65 48 8b 04 25 58 00 00 00 ba 70 00
0x00007ff8edae7b5e:   00 00 48 8b 04 c8 80 3c 02 00 75 05 e8 a1 bb 24
0x00007ff8edae7b6e:   00 48 8b 5c 24 30 48 8b 74 24 38 48 83 c4 20 5f
0x00007ff8edae7b7e:   c3 cc 48 89 5c 24 08 48 89 74 24 10 57 48 83 ec 


Stack slot to memory mapping:

stack at sp + 0 slots: 0x0000024f5e023bd0 points into unknown readable memory: 0x0000024f5e45b020 | 20 b0 45 5e 4f 02 00 00
stack at sp + 1 slots: 0x0 is null
stack at sp + 2 slots: 0x000000c0b32fc330 is pointing into the stack for thread: 0x0000024f5e45b020
stack at sp + 3 slots: 0x0000024f5d763d60 points into unknown readable memory: 0x00007ff8eddd4608 | 08 46 dd ed f8 7f 00 00
stack at sp + 4 slots: 0x0 is null
stack at sp + 5 slots: 0x00007ff8ed61b5ea jvm.dll
stack at sp + 6 slots: 0x0000024f5dcd0e58 points into unknown readable memory: 0x00007ff8eddd2498 | 98 24 dd ed f8 7f 00 00
stack at sp + 7 slots: 0x000000c0b32fc330 is pointing into the stack for thread: 0x0000024f5e45b020


---------------  P R O C E S S  ---------------

Threads class SMR info:
_java_thread_list=0x0000024f5d3e34e0, length=15, elements={
0x0000024f6f7297f0, 0x0000024f5c1392d0, 0x0000024f5c13d510, 0x0000024f5c140400,
0x0000024f5c1411b0, 0x0000024f5c141c00, 0x0000024f5c142650, 0x0000024f5c1453e0,
0x0000024f5c14dfb0, 0x0000024f5c28f190, 0x0000024f5c294c30, 0x0000024f5c56d3c0,
0x0000024f5c622980, 0x0000024f5e45b020, 0x0000024f5e634400
}

Java Threads: ( => current thread )
  0x0000024f6f7297f0 JavaThread "main"                              [_thread_in_native, id=21440, stack(0x000000c0b2000000,0x000000c0b2100000) (1024K)]
  0x0000024f5c1392d0 JavaThread "Reference Handler"          daemon [_thread_blocked, id=22144, stack(0x000000c0b2800000,0x000000c0b2900000) (1024K)]
  0x0000024f5c13d510 JavaThread "Finalizer"                  daemon [_thread_blocked, id=21824, stack(0x000000c0b2900000,0x000000c0b2a00000) (1024K)]
  0x0000024f5c140400 JavaThread "Signal Dispatcher"          daemon [_thread_blocked, id=22152, stack(0x000000c0b2a00000,0x000000c0b2b00000) (1024K)]
  0x0000024f5c1411b0 JavaThread "Attach Listener"            daemon [_thread_blocked, id=7672, stack(0x000000c0b2b00000,0x000000c0b2c00000) (1024K)]
  0x0000024f5c141c00 JavaThread "Service Thread"             daemon [_thread_blocked, id=22108, stack(0x000000c0b2c00000,0x000000c0b2d00000) (1024K)]
  0x0000024f5c142650 JavaThread "Monitor Deflation Thread"   daemon [_thread_blocked, id=22224, stack(0x000000c0b2d00000,0x000000c0b2e00000) (1024K)]
  0x0000024f5c1453e0 JavaThread "C2 CompilerThread0"         daemon [_thread_in_native, id=21024, stack(0x000000c0b2e00000,0x000000c0b2f00000) (1024K)]
  0x0000024f5c14dfb0 JavaThread "C1 CompilerThread0"         daemon [_thread_blocked, id=21692, stack(0x000000c0b2f00000,0x000000c0b3000000) (1024K)]
  0x0000024f5c28f190 JavaThread "Notification Thread"        daemon [_thread_blocked, id=6764, stack(0x000000c0b3000000,0x000000c0b3100000) (1024K)]
  0x0000024f5c294c30 JavaThread "Common-Cleaner"             daemon [_thread_blocked, id=2128, stack(0x000000c0b3100000,0x000000c0b3200000) (1024K)]
  0x0000024f5c56d3c0 JavaThread "surefire-forkedjvm-stream-flusher" daemon [_thread_blocked, id=18732, stack(0x000000c0b3300000,0x000000c0b3400000) (1024K)]
  0x0000024f5c622980 JavaThread "surefire-forkedjvm-command-thread" daemon [_thread_in_native, id=3008, stack(0x000000c0b3400000,0x000000c0b3500000) (1024K)]
=>0x0000024f5e45b020 JavaThread "C2 CompilerThread1"         daemon [_thread_in_native, id=20544, stack(0x000000c0b3200000,0x000000c0b3300000) (1024K)]
  0x0000024f5e634400 JavaThread "C2 CompilerThread2"         daemon [_thread_in_native, id=7112, stack(0x000000c0b3f00000,0x000000c0b4000000) (1024K)]
Total: 15

Other Threads:
  0x0000024f7c62a950 VMThread "VM Thread"                           [id=18500, stack(0x000000c0b2700000,0x000000c0b2800000) (1024K)]
  0x0000024f7c61a0e0 WatcherThread "VM Periodic Task Thread"        [id=20752, stack(0x000000c0b2600000,0x000000c0b2700000) (1024K)]
  0x0000024f6f7ce8b0 WorkerThread "GC Thread#0"                     [id=19068, stack(0x000000c0b2100000,0x000000c0b2200000) (1024K)]
  0x0000024f5cab5de0 WorkerThread "GC Thread#1"                     [id=18828, stack(0x000000c0b3500000,0x000000c0b3600000) (1024K)]
  0x0000024f5cf64c00 WorkerThread "GC Thread#2"                     [id=12324, stack(0x000000c0b3600000,0x000000c0b3700000) (1024K)]
  0x0000024f5cf64fa0 WorkerThread "GC Thread#3"                     [id=18724, stack(0x000000c0b3700000,0x000000c0b3800000) (1024K)]
  0x0000024f5cf65340 WorkerThread "GC Thread#4"                     [id=9544, stack(0x000000c0b3800000,0x000000c0b3900000) (1024K)]
  0x0000024f5cf87050 WorkerThread "GC Thread#5"                     [id=22044, stack(0x000000c0b3900000,0x000000c0b3a00000) (1024K)]
  0x0000024f5cf873f0 WorkerThread "GC Thread#6"                     [id=21908, stack(0x000000c0b3a00000,0x000000c0b3b00000) (1024K)]
  0x0000024f5cf87790 WorkerThread "GC Thread#7"                     [id=1512, stack(0x000000c0b3b00000,0x000000c0b3c00000) (1024K)]
  0x0000024f5cf87b30 WorkerThread "GC Thread#8"                     [id=20552, stack(0x000000c0b3c00000,0x000000c0b3d00000) (1024K)]
  0x0000024f5cfaa7a0 WorkerThread "GC Thread#9"                     [id=13360, stack(0x000000c0b3d00000,0x000000c0b3e00000) (1024K)]
  0x0000024f6f7e09e0 ConcurrentGCThread "G1 Main Marker"            [id=22372, stack(0x000000c0b2200000,0x000000c0b2300000) (1024K)]
  0x0000024f6f7e14e0 WorkerThread "G1 Conc#0"                       [id=8932, stack(0x000000c0b2300000,0x000000c0b2400000) (1024K)]
  0x0000024f5cfaa400 WorkerThread "G1 Conc#1"                       [id=21324, stack(0x000000c0b4000000,0x000000c0b4100000) (1024K)]
  0x0000024f5cfab280 WorkerThread "G1 Conc#2"                       [id=21400, stack(0x000000c0b4100000,0x000000c0b4200000) (1024K)]
  0x0000024f7c4d8ad0 ConcurrentGCThread "G1 Refine#0"               [id=7916, stack(0x000000c0b2400000,0x000000c0b2500000) (1024K)]
  0x0000024f7c4d9640 ConcurrentGCThread "G1 Service"                [id=20848, stack(0x000000c0b2500000,0x000000c0b2600000) (1024K)]
Total: 18

Threads with active compile tasks:
C2 CompilerThread0     4817 4636       4       java.lang.invoke.MethodType::methodType (69 bytes)
C2 CompilerThread1     4817 4583       4       jdk.internal.loader.ClassLoaders$AppClassLoader::loadClass (40 bytes)
C2 CompilerThread2     4817 4574       4       org.springframework.core.annotation.TypeMappedAnnotations::from (27 bytes)
Total: 3

VM state: not at safepoint (normal execution)

VM Mutex/Monitor currently owned by a thread: None

Heap address: 0x0000000601000000, size: 8176 MB, Compressed Oops mode: Zero based, Oop shift amount: 3

CDS archive(s) mapped at: [0x0000024f17000000-0x0000024f17c90000-0x0000024f17c90000), size 13172736, SharedBaseAddress: 0x0000024f17000000, ArchiveRelocationMode: 1.
Compressed class space mapped at: 0x0000024f18000000-0x0000024f58000000, reserved size: 1073741824
Narrow klass base: 0x0000024f17000000, Narrow klass shift: 0, Narrow klass range: 0x100000000

GC Precious Log:
 CardTable entry size: 512
 Card Set container configuration: InlinePtr #cards 4 size 8 Array Of Cards #cards 32 size 80 Howl #buckets 8 coarsen threshold 7372 Howl Bitmap #cards 1024 size 144 coarsen threshold 921 Card regions per heap region 1 cards per card region 8192
 CPUs: 12 total, 12 available
 Memory: 32690M
 Large Page Support: Disabled
 NUMA Support: Disabled
 Compressed Oops: Enabled (Zero based)
 Heap Region Size: 4M
 Heap Min Capacity: 8M
 Heap Initial Capacity: 512M
 Heap Max Capacity: 8176M
 Pre-touch: Disabled
 Parallel Workers: 10
 Concurrent Workers: 3
 Concurrent Refinement Workers: 10
 Periodic GC: Disabled

Heap:
 garbage-first heap   total 98304K, used 25939K [0x0000000601000000, 0x0000000800000000)
  region size 4096K, 3 young (12288K), 2 survivors (8192K)
 Metaspace       used 36124K, committed 36672K, reserved 1114112K
  class space    used 4685K, committed 4928K, reserved 1048576K

Heap Regions: E=young(eden), S=young(survivor), O=old, HS=humongous(starts), HC=humongous(continues), CS=collection set, F=free, TAMS=top-at-mark-start, PB=parsable bottom
|   0|0x0000000601000000, 0x0000000601400000, 0x0000000601400000|100%| O|  |TAMS 0x0000000601000000| PB 0x0000000601000000| Untracked 
|   1|0x0000000601400000, 0x00000006017d8a38, 0x0000000601800000| 96%| O|  |TAMS 0x0000000601400000| PB 0x0000000601400000| Untracked 
|   2|0x0000000601800000, 0x0000000601c00000, 0x0000000601c00000|100%| O|  |TAMS 0x0000000601800000| PB 0x0000000601800000| Untracked 
|   3|0x0000000601c00000, 0x0000000602000000, 0x0000000602000000|100%| O|  |TAMS 0x0000000601c00000| PB 0x0000000601c00000| Untracked 
|   4|0x0000000602000000, 0x0000000602400000, 0x0000000602400000|100%| O|  |TAMS 0x0000000602000000| PB 0x0000000602000000| Untracked 
|   5|0x0000000602400000, 0x0000000602467538, 0x0000000602800000| 10%| O|  |TAMS 0x0000000602400000| PB 0x0000000602400000| Untracked 
|   6|0x0000000602800000, 0x0000000602800000, 0x0000000602c00000|  0%| F|  |TAMS 0x0000000602800000| PB 0x0000000602800000| Untracked 
|   7|0x0000000602c00000, 0x0000000602c00000, 0x0000000603000000|  0%| F|  |TAMS 0x0000000602c00000| PB 0x0000000602c00000| Untracked 
|   8|0x0000000603000000, 0x0000000603000000, 0x0000000603400000|  0%| F|  |TAMS 0x0000000603000000| PB 0x0000000603000000| Untracked 
|   9|0x0000000603400000, 0x0000000603514de0, 0x0000000603800000| 27%| S|CS|TAMS 0x0000000603400000| PB 0x0000000603400000| Complete 
|  10|0x0000000603800000, 0x0000000603c00000, 0x0000000603c00000|100%| S|CS|TAMS 0x0000000603800000| PB 0x0000000603800000| Complete 
|  11|0x0000000603c00000, 0x0000000603c00000, 0x0000000604000000|  0%| F|  |TAMS 0x0000000603c00000| PB 0x0000000603c00000| Untracked 
|  12|0x0000000604000000, 0x0000000604000000, 0x0000000604400000|  0%| F|  |TAMS 0x0000000604000000| PB 0x0000000604000000| Untracked 
|  13|0x0000000604400000, 0x0000000604400000, 0x0000000604800000|  0%| F|  |TAMS 0x0000000604400000| PB 0x0000000604400000| Untracked 
|  14|0x0000000604800000, 0x0000000604800000, 0x0000000604c00000|  0%| F|  |TAMS 0x0000000604800000| PB 0x0000000604800000| Untracked 
|  15|0x0000000604c00000, 0x0000000604c00000, 0x0000000605000000|  0%| F|  |TAMS 0x0000000604c00000| PB 0x0000000604c00000| Untracked 
|  16|0x0000000605000000, 0x0000000605000000, 0x0000000605400000|  0%| F|  |TAMS 0x0000000605000000| PB 0x0000000605000000| Untracked 
|  17|0x0000000605400000, 0x0000000605400000, 0x0000000605800000|  0%| F|  |TAMS 0x0000000605400000| PB 0x0000000605400000| Untracked 
|  18|0x0000000605800000, 0x0000000605800000, 0x0000000605c00000|  0%| F|  |TAMS 0x0000000605800000| PB 0x0000000605800000| Untracked 
|  19|0x0000000605c00000, 0x0000000605c00000, 0x0000000606000000|  0%| F|  |TAMS 0x0000000605c00000| PB 0x0000000605c00000| Untracked 
| 124|0x0000000620000000, 0x0000000620000000, 0x0000000620400000|  0%| F|  |TAMS 0x0000000620000000| PB 0x0000000620000000| Untracked 
| 125|0x0000000620400000, 0x0000000620400000, 0x0000000620800000|  0%| F|  |TAMS 0x0000000620400000| PB 0x0000000620400000| Untracked 
| 126|0x0000000620800000, 0x0000000620800000, 0x0000000620c00000|  0%| F|  |TAMS 0x0000000620800000| PB 0x0000000620800000| Untracked 
| 127|0x0000000620c00000, 0x0000000621000000, 0x0000000621000000|100%| E|  |TAMS 0x0000000620c00000| PB 0x0000000620c00000| Complete 

Card table byte_map: [0x0000024f79110000,0x0000024f7a110000] _byte_map_base: 0x0000024f76108000

Marking Bits: (CMBitMap*) 0x0000024f6f7cefb0
 Bits: [0x0000024f0f000000, 0x0000024f16fc0000)

Polling page: 0x0000024f6eef0000

Metaspace:

Usage:
  Non-class:     30.71 MB used.
      Class:      4.58 MB used.
       Both:     35.28 MB used.

Virtual space:
  Non-class space:       64.00 MB reserved,      31.06 MB ( 49%) committed,  1 nodes.
      Class space:        1.00 GB reserved,       4.81 MB ( <1%) committed,  1 nodes.
             Both:        1.06 GB reserved,      35.88 MB (  3%) committed. 

Chunk freelists:
   Non-Class:  1008.00 KB
       Class:  11.23 MB
        Both:  12.22 MB

MaxMetaspaceSize: unlimited
CompressedClassSpaceSize: 1.00 GB
Initial GC threshold: 21.00 MB
Current GC threshold: 58.69 MB
CDS: on
 - commit_granule_bytes: 65536.
 - commit_granule_words: 8192.
 - virtual_space_node_default_size: 8388608.
 - enlarge_chunks_in_place: 1.
 - use_allocation_guard: 0.


Internal statistics:

num_allocs_failed_limit: 8.
num_arena_births: 682.
num_arena_deaths: 0.
num_vsnodes_births: 2.
num_vsnodes_deaths: 0.
num_space_committed: 574.
num_space_uncommitted: 0.
num_chunks_returned_to_freelist: 8.
num_chunks_taken_from_freelist: 2007.
num_chunk_merges: 8.
num_chunk_splits: 1330.
num_chunks_enlarged: 962.
num_inconsistent_stats: 0.

CodeHeap 'non-profiled nmethods': size=120000Kb used=2470Kb max_used=2660Kb free=117529Kb
 bounds [0x0000024f07ad0000, 0x0000024f07d80000, 0x0000024f0f000000]
CodeHeap 'profiled nmethods': size=120000Kb used=8396Kb max_used=9350Kb free=111603Kb
 bounds [0x0000024f00000000, 0x0000024f00930000, 0x0000024f07530000]
CodeHeap 'non-nmethods': size=5760Kb used=1483Kb max_used=1548Kb free=4276Kb
 bounds [0x0000024f07530000, 0x0000024f077a0000, 0x0000024f07ad0000]
 total_blobs=4783 nmethods=4223 adapters=464
 compilation: enabled
              stopped_count=0, restarted_count=0
 full_count=0

Compilation events (20 events):
Event: 4.745 Thread 0x0000024f5c14dfb0 4584       3       org.springframework.beans.factory.InjectionPoint::getAnnotations (39 bytes)
Event: 4.746 Thread 0x0000024f5c14dfb0 nmethod 4584 0x0000024f002ee010 code [0x0000024f002ee260, 0x0000024f002eebf0]
Event: 4.752 Thread 0x0000024f5c14dfb0 4586       3       java.lang.invoke.DirectMethodHandle::getFunction (53 bytes)
Event: 4.752 Thread 0x0000024f5c14dfb0 nmethod 4586 0x0000024f00097990 code [0x0000024f00097b60, 0x0000024f00097ec0]
Event: 4.755 Thread 0x0000024f5c14dfb0 4587       3       jdk.proxy2.$Proxy44::<init> (6 bytes)
Event: 4.756 Thread 0x0000024f5c14dfb0 nmethod 4587 0x0000024f000ce110 code [0x0000024f000ce2e0, 0x0000024f000ce670]
Event: 4.756 Thread 0x0000024f5c14dfb0 4588       1       org.springframework.beans.PropertyEditorRegistrySupport::setDefaultEditorRegistrar (6 bytes)
Event: 4.757 Thread 0x0000024f5c14dfb0 nmethod 4588 0x0000024f07aedc10 code [0x0000024f07aedda0, 0x0000024f07aedeb8]
Event: 4.766 Thread 0x0000024f5c14dfb0 4589       1       org.springframework.beans.PropertyEditorRegistrySupport::setConversionService (6 bytes)
Event: 4.766 Thread 0x0000024f5c14dfb0 nmethod 4589 0x0000024f07af0e90 code [0x0000024f07af1020, 0x0000024f07af1138]
Event: 4.766 Thread 0x0000024f5c14dfb0 4590       1       java.lang.ThreadLocal::initialValue (2 bytes)
Event: 4.766 Thread 0x0000024f5c14dfb0 nmethod 4590 0x0000024f07b27290 code [0x0000024f07b27420, 0x0000024f07b274f0]
Event: 4.768 Thread 0x0000024f5c14dfb0 4591   !   3       jdk.proxy2.$Proxy67::annotationType (29 bytes)
Event: 4.768 Thread 0x0000024f5c14dfb0 nmethod 4591 0x0000024f00014a10 code [0x0000024f00014be0, 0x0000024f00014fe8]
Event: 4.768 Thread 0x0000024f5c14dfb0 4592       3       org.springframework.util.ClassUtils::isAssignableValue (34 bytes)
Event: 4.769 Thread 0x0000024f5c14dfb0 nmethod 4592 0x0000024f00392910 code [0x0000024f00392ae0, 0x0000024f00392e78]
Event: 4.770 Thread 0x0000024f5c14dfb0 4593       3       org.springframework.beans.factory.support.AbstractAutowireCapableBeanFactory::applyBeanPostProcessorsAfterInitialization (61 bytes)
Event: 4.771 Thread 0x0000024f5c14dfb0 nmethod 4593 0x0000024f00112b10 code [0x0000024f00112d20, 0x0000024f00113438]
Event: 4.771 Thread 0x0000024f5c14dfb0 4594       3       java.lang.Class::isRecord (33 bytes)
Event: 4.771 Thread 0x0000024f5c14dfb0 nmethod 4594 0x0000024f0003ce90 code [0x0000024f0003d060, 0x0000024f0003d2e0]

GC Heap History (12 events):
Event: 0.711 GC heap before
{Heap before GC invocations=0 (full 0):
 garbage-first heap   total 524288K, used 24576K [0x0000000601000000, 0x0000000800000000)
  region size 4096K, 6 young (24576K), 0 survivors (0K)
 Metaspace       used 4306K, committed 4480K, reserved 1114112K
  class space    used 445K, committed 512K, reserved 1048576K
}
Event: 0.719 GC heap after
{Heap after GC invocations=1 (full 0):
 garbage-first heap   total 524288K, used 7972K [0x0000000601000000, 0x0000000800000000)
  region size 4096K, 1 young (4096K), 1 survivors (4096K)
 Metaspace       used 4306K, committed 4480K, reserved 1114112K
  class space    used 445K, committed 512K, reserved 1048576K
}
Event: 1.540 GC heap before
{Heap before GC invocations=1 (full 0):
 garbage-first heap   total 524288K, used 28452K [0x0000000601000000, 0x0000000800000000)
  region size 4096K, 6 young (24576K), 1 survivors (4096K)
 Metaspace       used 9905K, committed 10176K, reserved 1114112K
  class space    used 1189K, committed 1344K, reserved 1048576K
}
Event: 1.544 GC heap after
{Heap after GC invocations=2 (full 0):
 garbage-first heap   total 524288K, used 10026K [0x0000000601000000, 0x0000000800000000)
  region size 4096K, 1 young (4096K), 1 survivors (4096K)
 Metaspace       used 9905K, committed 10176K, reserved 1114112K
  class space    used 1189K, committed 1344K, reserved 1048576K
}
Event: 3.000 GC heap before
{Heap before GC invocations=2 (full 0):
 garbage-first heap   total 524288K, used 67370K [0x0000000601000000, 0x0000000800000000)
  region size 4096K, 15 young (61440K), 1 survivors (4096K)
 Metaspace       used 20788K, committed 21184K, reserved 1114112K
  class space    used 2748K, committed 2944K, reserved 1048576K
}
Event: 3.004 GC heap after
{Heap after GC invocations=3 (full 0):
 garbage-first heap   total 524288K, used 16226K [0x0000000601000000, 0x0000000800000000)
  region size 4096K, 2 young (8192K), 2 survivors (8192K)
 Metaspace       used 20788K, committed 21184K, reserved 1114112K
  class space    used 2748K, committed 2944K, reserved 1048576K
}
Event: 3.031 GC heap before
{Heap before GC invocations=3 (full 0):
 garbage-first heap   total 524288K, used 16226K [0x0000000601000000, 0x0000000800000000)
  region size 4096K, 3 young (12288K), 2 survivors (8192K)
 Metaspace       used 21180K, committed 21504K, reserved 1114112K
  class space    used 2795K, committed 2944K, reserved 1048576K
}
Event: 3.035 GC heap after
{Heap after GC invocations=4 (full 0):
 garbage-first heap   total 524288K, used 17084K [0x0000000601000000, 0x0000000800000000)
  region size 4096K, 3 young (12288K), 3 survivors (12288K)
 Metaspace       used 21180K, committed 21504K, reserved 1114112K
  class space    used 2795K, committed 2944K, reserved 1048576K
}
Event: 3.911 GC heap before
{Heap before GC invocations=5 (full 0):
 garbage-first heap   total 81920K, used 74428K [0x0000000601000000, 0x0000000800000000)
  region size 4096K, 18 young (73728K), 3 survivors (12288K)
 Metaspace       used 30155K, committed 30528K, reserved 1114112K
  class space    used 3878K, committed 4032K, reserved 1048576K
}
Event: 3.920 GC heap after
{Heap after GC invocations=6 (full 0):
 garbage-first heap   total 98304K, used 21578K [0x0000000601000000, 0x0000000800000000)
  region size 4096K, 4 young (16384K), 4 survivors (16384K)
 Metaspace       used 30155K, committed 30528K, reserved 1114112K
  class space    used 3878K, committed 4032K, reserved 1048576K
}
Event: 4.708 GC heap before
{Heap before GC invocations=6 (full 0):
 garbage-first heap   total 98304K, used 54346K [0x0000000601000000, 0x0000000800000000)
  region size 4096K, 13 young (53248K), 4 survivors (16384K)
 Metaspace       used 35535K, committed 35968K, reserved 1114112K
  class space    used 4604K, committed 4800K, reserved 1048576K
}
Event: 4.720 GC heap after
{Heap after GC invocations=7 (full 0):
 garbage-first heap   total 98304K, used 25939K [0x0000000601000000, 0x0000000800000000)
  region size 4096K, 2 young (8192K), 2 survivors (8192K)
 Metaspace       used 35535K, committed 35968K, reserved 1114112K
  class space    used 4604K, committed 4800K, reserved 1048576K
}

Dll operation events (10 events):
Event: 0.006 Loaded shared library C:\Program Files\Java\jdk-21\bin\java.dll
Event: 0.041 Loaded shared library C:\Program Files\Java\jdk-21\bin\jsvml.dll
Event: 0.064 Loaded shared library C:\Program Files\Java\jdk-21\bin\net.dll
Event: 0.066 Loaded shared library C:\Program Files\Java\jdk-21\bin\nio.dll
Event: 0.070 Loaded shared library C:\Program Files\Java\jdk-21\bin\zip.dll
Event: 0.132 Loaded shared library C:\Program Files\Java\jdk-21\bin\management.dll
Event: 0.149 Loaded shared library C:\Program Files\Java\jdk-21\bin\management_ext.dll
Event: 0.175 Loaded shared library C:\Program Files\Java\jdk-21\bin\jimage.dll
Event: 0.954 Loaded shared library C:\Program Files\Java\jdk-21\bin\verify.dll
Event: 3.478 Loaded shared library C:\Program Files\Java\jdk-21\bin\sunmscapi.dll

Deoptimization events (20 events):
Event: 4.583 Thread 0x0000024f6f7297f0 Uncommon trap: trap_request=0xffffffd6 fr.pc=0x0000024f07d4c084 relative=0x0000000000002fe4
Event: 4.583 Thread 0x0000024f6f7297f0 Uncommon trap: reason=array_check action=maybe_recompile pc=0x0000024f07d4c084 method=org.springframework.util.ConcurrentReferenceHashMap$Segment.lambda$doTask$0(Ljava/lang/Object;ILorg/springframework/util/ConcurrentReferenceHashMap$Reference;ILjava/lang
Event: 4.583 Thread 0x0000024f6f7297f0 DEOPT PACKING pc=0x0000024f07d4c084 sp=0x000000c0b20f94a0
Event: 4.583 Thread 0x0000024f6f7297f0 DEOPT UNPACKING pc=0x0000024f075846a2 sp=0x000000c0b20f90f0 mode 2
Event: 4.583 Thread 0x0000024f6f7297f0 Uncommon trap: trap_request=0xffffffd6 fr.pc=0x0000024f07d4c084 relative=0x0000000000002fe4
Event: 4.583 Thread 0x0000024f6f7297f0 Uncommon trap: reason=array_check action=maybe_recompile pc=0x0000024f07d4c084 method=org.springframework.util.ConcurrentReferenceHashMap$Segment.lambda$doTask$0(Ljava/lang/Object;ILorg/springframework/util/ConcurrentReferenceHashMap$Reference;ILjava/lang
Event: 4.583 Thread 0x0000024f6f7297f0 DEOPT PACKING pc=0x0000024f07d4c084 sp=0x000000c0b20f94a0
Event: 4.584 Thread 0x0000024f6f7297f0 DEOPT UNPACKING pc=0x0000024f075846a2 sp=0x000000c0b20f90f0 mode 2
Event: 4.584 Thread 0x0000024f6f7297f0 Uncommon trap: trap_request=0xffffffd6 fr.pc=0x0000024f07d4c084 relative=0x0000000000002fe4
Event: 4.584 Thread 0x0000024f6f7297f0 Uncommon trap: reason=array_check action=maybe_recompile pc=0x0000024f07d4c084 method=org.springframework.util.ConcurrentReferenceHashMap$Segment.lambda$doTask$0(Ljava/lang/Object;ILorg/springframework/util/ConcurrentReferenceHashMap$Reference;ILjava/lang
Event: 4.584 Thread 0x0000024f6f7297f0 DEOPT PACKING pc=0x0000024f07d4c084 sp=0x000000c0b20f9450
Event: 4.584 Thread 0x0000024f6f7297f0 DEOPT UNPACKING pc=0x0000024f075846a2 sp=0x000000c0b20f90a0 mode 2
Event: 4.584 Thread 0x0000024f6f7297f0 Uncommon trap: trap_request=0xffffffd6 fr.pc=0x0000024f07d4c084 relative=0x0000000000002fe4
Event: 4.584 Thread 0x0000024f6f7297f0 Uncommon trap: reason=array_check action=maybe_recompile pc=0x0000024f07d4c084 method=org.springframework.util.ConcurrentReferenceHashMap$Segment.lambda$doTask$0(Ljava/lang/Object;ILorg/springframework/util/ConcurrentReferenceHashMap$Reference;ILjava/lang
Event: 4.584 Thread 0x0000024f6f7297f0 DEOPT PACKING pc=0x0000024f07d4c084 sp=0x000000c0b20f9450
Event: 4.584 Thread 0x0000024f6f7297f0 DEOPT UNPACKING pc=0x0000024f075846a2 sp=0x000000c0b20f90a0 mode 2
Event: 4.758 Thread 0x0000024f6f7297f0 Uncommon trap: trap_request=0xfffffff4 fr.pc=0x0000024f07d01d38 relative=0x0000000000000fb8
Event: 4.758 Thread 0x0000024f6f7297f0 Uncommon trap: reason=null_check action=make_not_entrant pc=0x0000024f07d01d38 method=org.springframework.beans.factory.support.DefaultSingletonBeanRegistry.getSingleton(Ljava/lang/String;Z)Ljava/lang/Object; @ 96 c2
Event: 4.758 Thread 0x0000024f6f7297f0 DEOPT PACKING pc=0x0000024f07d01d38 sp=0x000000c0b20fae60
Event: 4.758 Thread 0x0000024f6f7297f0 DEOPT UNPACKING pc=0x0000024f075846a2 sp=0x000000c0b20fae00 mode 2

Classes loaded (20 events):
Event: 4.645 Loading class sun/security/provider/SeedGenerator
Event: 4.645 Loading class sun/security/provider/SeedGenerator done
Event: 4.645 Loading class sun/security/provider/NativeSeedGenerator
Event: 4.645 Loading class sun/security/provider/NativeSeedGenerator done
Event: 4.650 Loading class sun/security/provider/SHA
Event: 4.650 Loading class sun/security/provider/SHA done
Event: 4.650 Loading class sun/security/provider/SeedGenerator$1
Event: 4.650 Loading class sun/security/provider/SeedGenerator$1 done
Event: 4.665 Loading class sun/security/provider/AbstractDrbg$NonceProvider
Event: 4.665 Loading class sun/security/provider/AbstractDrbg$NonceProvider done
Event: 4.665 Loading class sun/nio/fs/WindowsPath$1
Event: 4.665 Loading class sun/nio/fs/WindowsPath$1 done
Event: 4.666 Loading class java/io/DeleteOnExitHook
Event: 4.666 Loading class java/io/DeleteOnExitHook done
Event: 4.666 Loading class java/io/DeleteOnExitHook$1
Event: 4.666 Loading class java/io/DeleteOnExitHook$1 done
Event: 4.683 Loading class java/util/concurrent/CompletableFuture
Event: 4.684 Loading class java/util/concurrent/CompletionStage
Event: 4.684 Loading class java/util/concurrent/CompletionStage done
Event: 4.684 Loading class java/util/concurrent/CompletableFuture done

Classes unloaded (0 events):
No events

Classes redefined (0 events):
No events

Internal exceptions (20 events):
Event: 4.088 Thread 0x0000024f6f7297f0 Exception <a 'java/lang/IncompatibleClassChangeError'{0x0000000620bef590}: Found class java.lang.Object, but interface was expected> (0x0000000620bef590) 
thrown [s\open\src\hotspot\share\interpreter\linkResolver.cpp, line 840]
Event: 4.108 Thread 0x0000024f6f7297f0 Exception <a 'java/lang/NoSuchMethodError'{0x00000006204e2888}: 'void java.lang.invoke.DirectMethodHandle$Holder.invokeVirtual(java.lang.Object, java.lang.Object, int)'> (0x00000006204e2888) 
thrown [s\open\src\hotspot\share\interpreter\linkResolver.cpp, line 773]
Event: 4.109 Thread 0x0000024f6f7297f0 Exception <a 'java/lang/NoSuchMethodError'{0x00000006204e6cb8}: 'int java.lang.invoke.DirectMethodHandle$Holder.invokeSpecial(java.lang.Object, java.lang.Object, java.lang.Object, int)'> (0x00000006204e6cb8) 
thrown [s\open\src\hotspot\share\interpreter\linkResolver.cpp, line 773]
Event: 4.110 Thread 0x0000024f6f7297f0 Exception <a 'java/lang/NoSuchMethodError'{0x00000006204f9268}: 'java.lang.Object java.lang.invoke.DirectMethodHandle$Holder.invokeStatic(java.lang.Object, java.lang.Object, java.lang.Object, java.lang.Object, int)'> (0x00000006204f9268) 
thrown [s\open\src\hotspot\share\interpreter\linkResolver.cpp, line 773]
Event: 4.110 Thread 0x0000024f6f7297f0 Exception <a 'java/lang/NoSuchMethodError'{0x0000000620503eb0}: 'void java.lang.invoke.DelegatingMethodHandle$Holder.reinvoke_L(java.lang.Object, java.lang.Object, int)'> (0x0000000620503eb0) 
thrown [s\open\src\hotspot\share\interpreter\linkResolver.cpp, line 773]
Event: 4.121 Thread 0x0000024f6f7297f0 Exception <a 'java/lang/NoSuchMethodError'{0x000000062056e8d8}: 'void java.lang.invoke.Invokers$Holder.invokeExact_MT(java.lang.Object, java.lang.Object, java.lang.Object, java.lang.Object)'> (0x000000062056e8d8) 
thrown [s\open\src\hotspot\share\interpreter\linkResolver.cpp, line 773]
Event: 4.155 Thread 0x0000024f6f7297f0 Exception <a 'java/lang/NoSuchMethodError'{0x00000006206d15b8}: 'java.lang.Object java.lang.invoke.DirectMethodHandle$Holder.invokeVirtual(java.lang.Object, java.lang.Object, java.lang.Object, java.lang.Object, java.lang.Object)'> (0x00000006206d15b8) 
thrown [s\open\src\hotspot\share\interpreter\linkResolver.cpp, line 773]
Event: 4.219 Thread 0x0000024f6f7297f0 Exception <a 'java/lang/NoSuchMethodError'{0x000000062017d270}: 'java.lang.Object java.lang.invoke.DirectMethodHandle$Holder.invokeVirtual(java.lang.Object, java.lang.Object, java.lang.Object, java.lang.Object, java.lang.Object, java.lang.Object)'> (0x000000062017d270) 
thrown [s\open\src\hotspot\share\interpreter\linkResolver.cpp, line 773]
Event: 4.229 Thread 0x0000024f6f7297f0 Exception <a 'java/lang/NoSuchMethodError'{0x00000006201f5f40}: 'void java.lang.invoke.DirectMethodHandle$Holder.invokeInterface(java.lang.Object, java.lang.Object, int)'> (0x00000006201f5f40) 
thrown [s\open\src\hotspot\share\interpreter\linkResolver.cpp, line 773]
Event: 4.233 Thread 0x0000024f6f7297f0 Exception <a 'java/lang/IncompatibleClassChangeError'{0x0000000620238870}: Found class java.lang.Object, but interface was expected> (0x0000000620238870) 
thrown [s\open\src\hotspot\share\interpreter\linkResolver.cpp, line 840]
Event: 4.235 Thread 0x0000024f6f7297f0 Exception <a 'java/lang/NoSuchMethodError'{0x0000000620246e88}: 'int java.lang.invoke.DirectMethodHandle$Holder.invokeSpecialIFC(java.lang.Object, java.lang.Object, java.lang.Object)'> (0x0000000620246e88) 
thrown [s\open\src\hotspot\share\interpreter\linkResolver.cpp, line 773]
Event: 4.236 Thread 0x0000024f6f7297f0 Exception <a 'java/lang/NoSuchMethodError'{0x000000062025c2e8}: 'void java.lang.invoke.DirectMethodHandle$Holder.invokeStatic(java.lang.Object, int, java.lang.Object)'> (0x000000062025c2e8) 
thrown [s\open\src\hotspot\share\interpreter\linkResolver.cpp, line 773]
Event: 4.349 Thread 0x0000024f6f7297f0 Exception <a 'java/lang/NoSuchMethodError'{0x0000000604ee6290}: 'java.lang.Object java.lang.invoke.DirectMethodHandle$Holder.newInvokeSpecial(java.lang.Object, java.lang.Object, java.lang.Object, java.lang.Object, java.lang.Object, java.lang.Object, java.lang.Object, java.lang.Object)'> (0x0000000604ee6290) 
thrown [s\open\src\hotspot\share\interpreter\linkResolver.cpp, line 773]
Event: 4.504 Thread 0x0000024f6f7297f0 Exception <a 'java/lang/NoSuchMethodError'{0x00000006044b1808}: 'int java.lang.invoke.DirectMethodHandle$Holder.invokeStaticInit(java.lang.Object, int, java.lang.Object, java.lang.Object, java.lang.Object, java.lang.Object)'> (0x00000006044b1808) 
thrown [s\open\src\hotspot\share\interpreter\linkResolver.cpp, line 773]
Event: 4.629 Thread 0x0000024f6f7297f0 Exception <a 'java/lang/IncompatibleClassChangeError'{0x000000060426e830}: Found class java.lang.Object, but interface was expected> (0x000000060426e830) 
thrown [s\open\src\hotspot\share\interpreter\linkResolver.cpp, line 840]
Event: 4.644 Thread 0x0000024f6f7297f0 Exception <a 'java/lang/NoSuchMethodError'{0x00000006042ffb48}: 'java.lang.Object java.lang.invoke.DirectMethodHandle$Holder.invokeStaticInit(java.lang.Object, int, int, int, int)'> (0x00000006042ffb48) 
thrown [s\open\src\hotspot\share\interpreter\linkResolver.cpp, line 773]
Event: 4.664 Thread 0x0000024f6f7297f0 Exception <a 'java/lang/NoSuchMethodError'{0x00000006043cde28}: 'java.lang.Object java.lang.invoke.DirectMethodHandle$Holder.invokeStaticInit(java.lang.Object, java.lang.Object, int, int, int, int)'> (0x00000006043cde28) 
thrown [s\open\src\hotspot\share\interpreter\linkResolver.cpp, line 773]
Event: 4.682 Thread 0x0000024f6f7297f0 Exception <a 'java/lang/NoSuchMethodError'{0x0000000603c7a100}: 'void java.lang.invoke.DirectMethodHandle$Holder.invokeVirtual(java.lang.Object, java.lang.Object, long)'> (0x0000000603c7a100) 
thrown [s\open\src\hotspot\share\interpreter\linkResolver.cpp, line 773]
Event: 4.752 Thread 0x0000024f6f7297f0 Exception <a 'java/lang/NoSuchMethodError'{0x0000000620d3ebc0}: 'int java.lang.invoke.DirectMethodHandle$Holder.invokeStaticInit(java.lang.Object, java.lang.Object, java.lang.Object, java.lang.Object)'> (0x0000000620d3ebc0) 
thrown [s\open\src\hotspot\share\interpreter\linkResolver.cpp, line 773]
Event: 4.758 Thread 0x0000024f6f7297f0 Implicit null exception at 0x0000024f07d0180b to 0x0000024f07d01d28

ZGC Phase Switch (0 events):
No events

VM Operations (20 events):
Event: 4.082 Executing VM operation: HandshakeAllThreads (Deoptimize)
Event: 4.082 Executing VM operation: HandshakeAllThreads (Deoptimize) done
Event: 4.203 Executing VM operation: ICBufferFull
Event: 4.203 Executing VM operation: ICBufferFull done
Event: 4.416 Executing VM operation: HandshakeAllThreads (Deoptimize)
Event: 4.416 Executing VM operation: HandshakeAllThreads (Deoptimize) done
Event: 4.444 Executing VM operation: HandshakeAllThreads (Deoptimize)
Event: 4.444 Executing VM operation: HandshakeAllThreads (Deoptimize) done
Event: 4.548 Executing VM operation: ICBufferFull
Event: 4.548 Executing VM operation: ICBufferFull done
Event: 4.638 Executing VM operation: HandshakeAllThreads (Deoptimize)
Event: 4.638 Executing VM operation: HandshakeAllThreads (Deoptimize) done
Event: 4.706 Executing VM operation: HandshakeAllThreads (Deoptimize)
Event: 4.706 Executing VM operation: HandshakeAllThreads (Deoptimize) done
Event: 4.708 Executing VM operation: CollectForMetadataAllocation (Metadata GC Threshold)
Event: 4.720 Executing VM operation: CollectForMetadataAllocation (Metadata GC Threshold) done
Event: 4.729 Executing VM operation: G1PauseRemark
Event: 4.732 Executing VM operation: G1PauseRemark done
Event: 4.736 Executing VM operation: G1PauseCleanup
Event: 4.736 Executing VM operation: G1PauseCleanup done

Events (20 events):
Event: 4.732 Thread 0x0000024f7c62a950 flushing nmethod 0x0000024f00108190
Event: 4.732 Thread 0x0000024f7c62a950 flushing nmethod 0x0000024f00121710
Event: 4.732 Thread 0x0000024f7c62a950 flushing nmethod 0x0000024f00122990
Event: 4.732 Thread 0x0000024f7c62a950 flushing nmethod 0x0000024f0012e290
Event: 4.732 Thread 0x0000024f7c62a950 flushing nmethod 0x0000024f00219290
Event: 4.732 Thread 0x0000024f7c62a950 flushing nmethod 0x0000024f00258990
Event: 4.732 Thread 0x0000024f7c62a950 flushing nmethod 0x0000024f002aea90
Event: 4.732 Thread 0x0000024f7c62a950 flushing nmethod 0x0000024f002cb510
Event: 4.732 Thread 0x0000024f7c62a950 flushing nmethod 0x0000024f00369790
Event: 4.732 Thread 0x0000024f7c62a950 flushing nmethod 0x0000024f00370090
Event: 4.732 Thread 0x0000024f7c62a950 flushing nmethod 0x0000024f00370410
Event: 4.732 Thread 0x0000024f7c62a950 flushing nmethod 0x0000024f003b2790
Event: 4.732 Thread 0x0000024f7c62a950 flushing nmethod 0x0000024f003b3d10
Event: 4.732 Thread 0x0000024f7c62a950 flushing nmethod 0x0000024f003ba590
Event: 4.732 Thread 0x0000024f7c62a950 flushing nmethod 0x0000024f003bd490
Event: 4.732 Thread 0x0000024f7c62a950 flushing nmethod 0x0000024f003be210
Event: 4.732 Thread 0x0000024f7c62a950 flushing nmethod 0x0000024f003fcc90
Event: 4.732 Thread 0x0000024f7c62a950 flushing nmethod 0x0000024f003fda10
Event: 4.732 Thread 0x0000024f7c62a950 flushing nmethod 0x0000024f003ff110
Event: 4.732 Thread 0x0000024f7c62a950 flushing nmethod 0x0000024f00400f90


Dynamic libraries:
0x00007ff643e50000 - 0x00007ff643e60000 	C:\Program Files\Java\jdk-21\bin\java.exe
0x00007ff9c3510000 - 0x00007ff9c3727000 	C:\Windows\SYSTEM32\ntdll.dll
0x00007ff9c1530000 - 0x00007ff9c15f4000 	C:\Windows\System32\KERNEL32.DLL
0x00007ff9c0980000 - 0x00007ff9c0d53000 	C:\Windows\System32\KERNELBASE.dll
0x00007ff9c1090000 - 0x00007ff9c11a1000 	C:\Windows\System32\ucrtbase.dll
0x00007ff94fab0000 - 0x00007ff94facb000 	C:\Program Files\Java\jdk-21\bin\VCRUNTIME140.dll
0x00007ff9522e0000 - 0x00007ff9522f9000 	C:\Program Files\Java\jdk-21\bin\jli.dll
0x00007ff9c2e30000 - 0x00007ff9c2ee1000 	C:\Windows\System32\ADVAPI32.dll
0x00007ff9c11e0000 - 0x00007ff9c1287000 	C:\Windows\System32\msvcrt.dll
0x00007ff9c2b80000 - 0x00007ff9c2c28000 	C:\Windows\System32\sechost.dll
0x00007ff9c06e0000 - 0x00007ff9c0708000 	C:\Windows\System32\bcrypt.dll
0x00007ff9c17e0000 - 0x00007ff9c18f4000 	C:\Windows\System32\RPCRT4.dll
0x00007ff9c1620000 - 0x00007ff9c17d1000 	C:\Windows\System32\USER32.dll
0x00007ff9c1060000 - 0x00007ff9c1086000 	C:\Windows\System32\win32u.dll
0x00007ff9c2560000 - 0x00007ff9c2589000 	C:\Windows\System32\GDI32.dll
0x00007ff9bf8f0000 - 0x00007ff9bfb88000 	C:\Windows\WinSxS\amd64_microsoft.windows.common-controls_6595b64144ccf1df_6.0.22621.5124_none_270e8f4f7386d69d\COMCTL32.dll
0x00007ff9c0f40000 - 0x00007ff9c105b000 	C:\Windows\System32\gdi32full.dll
0x00007ff9c0d60000 - 0x00007ff9c0dfa000 	C:\Windows\System32\msvcp_win.dll
0x00007ff9b6610000 - 0x00007ff9b661a000 	C:\Windows\SYSTEM32\VERSION.dll
0x00007ff9c2ef0000 - 0x00007ff9c2f21000 	C:\Windows\System32\IMM32.DLL
0x00007ff9a7920000 - 0x00007ff9a792c000 	C:\Program Files\Java\jdk-21\bin\vcruntime140_1.dll
0x00007ff8f8ac0000 - 0x00007ff8f8b4e000 	C:\Program Files\Java\jdk-21\bin\msvcp140.dll
0x00007ff8ed440000 - 0x00007ff8ee15a000 	C:\Program Files\Java\jdk-21\bin\server\jvm.dll
0x00007ff9c24e0000 - 0x00007ff9c2551000 	C:\Windows\System32\WS2_32.dll
0x00007ff9c0340000 - 0x00007ff9c038d000 	C:\Windows\SYSTEM32\POWRPROF.dll
0x00007ff9b17d0000 - 0x00007ff9b1804000 	C:\Windows\SYSTEM32\WINMM.dll
0x00007ff9c0320000 - 0x00007ff9c0333000 	C:\Windows\SYSTEM32\UMPDC.dll
0x00007ff9bed30000 - 0x00007ff9bed48000 	C:\Windows\SYSTEM32\kernel.appcore.dll
0x00007ff9a7690000 - 0x00007ff9a769a000 	C:\Program Files\Java\jdk-21\bin\jimage.dll
0x00007ff9bff00000 - 0x00007ff9c0132000 	C:\Windows\SYSTEM32\DBGHELP.DLL
0x00007ff9c2f30000 - 0x00007ff9c32c2000 	C:\Windows\System32\combase.dll
0x00007ff9c2d40000 - 0x00007ff9c2e17000 	C:\Windows\System32\OLEAUT32.dll
0x00007ff9bfdf0000 - 0x00007ff9bfe22000 	C:\Windows\SYSTEM32\dbgcore.DLL
0x00007ff9c0900000 - 0x00007ff9c097b000 	C:\Windows\System32\bcryptPrimitives.dll
0x00007ff94e3a0000 - 0x00007ff94e3bf000 	C:\Program Files\Java\jdk-21\bin\java.dll
0x00007ff9c1920000 - 0x00007ff9c21b6000 	C:\Windows\System32\SHELL32.dll
0x00007ff9c0e00000 - 0x00007ff9c0f3f000 	C:\Windows\System32\wintypes.dll
0x00007ff9bda90000 - 0x00007ff9be3aa000 	C:\Windows\SYSTEM32\windows.storage.dll
0x00007ff9c2c30000 - 0x00007ff9c2d3a000 	C:\Windows\System32\SHCORE.dll
0x00007ff9c13b0000 - 0x00007ff9c1413000 	C:\Windows\System32\shlwapi.dll
0x00007ff9c0550000 - 0x00007ff9c057b000 	C:\Windows\SYSTEM32\profapi.dll
0x00007ff8f89e0000 - 0x00007ff8f8ab7000 	C:\Program Files\Java\jdk-21\bin\jsvml.dll
0x00007ff9a5860000 - 0x00007ff9a5870000 	C:\Program Files\Java\jdk-21\bin\net.dll
0x00007ff9bb6e0000 - 0x00007ff9bb80c000 	C:\Windows\SYSTEM32\WINHTTP.dll
0x00007ff9bf160000 - 0x00007ff9bf1ca000 	C:\Windows\system32\mswsock.dll
0x00007ff949720000 - 0x00007ff949736000 	C:\Program Files\Java\jdk-21\bin\nio.dll
0x00007ff92ac10000 - 0x00007ff92ac28000 	C:\Program Files\Java\jdk-21\bin\zip.dll
0x00007ff99a120000 - 0x00007ff99a12a000 	C:\Program Files\Java\jdk-21\bin\management.dll
0x00007ff995c50000 - 0x00007ff995c5b000 	C:\Program Files\Java\jdk-21\bin\management_ext.dll
0x00007ff9c1600000 - 0x00007ff9c1608000 	C:\Windows\System32\PSAPI.DLL
0x00007ff9a2890000 - 0x00007ff9a28a0000 	C:\Program Files\Java\jdk-21\bin\verify.dll
0x00007ff9be7d0000 - 0x00007ff9be7fd000 	C:\Windows\SYSTEM32\IPHLPAPI.DLL
0x00007ff9c11b0000 - 0x00007ff9c11b9000 	C:\Windows\System32\NSI.dll
0x00007ff9be840000 - 0x00007ff9be942000 	C:\Windows\SYSTEM32\DNSAPI.dll
0x00007ff9b91b0000 - 0x00007ff9b91ba000 	C:\Windows\System32\rasadhlp.dll
0x00007ff9b8e50000 - 0x00007ff9b8ed3000 	C:\Windows\System32\fwpuclnt.dll
0x00007ff985fb0000 - 0x00007ff985fbe000 	C:\Program Files\Java\jdk-21\bin\sunmscapi.dll
0x00007ff9c0710000 - 0x00007ff9c0877000 	C:\Windows\System32\CRYPT32.dll
0x00007ff9bf7d0000 - 0x00007ff9bf7fd000 	C:\Windows\SYSTEM32\ncrypt.dll
0x00007ff9bf790000 - 0x00007ff9bf7c7000 	C:\Windows\SYSTEM32\NTASN1.dll
0x00007ff9c0230000 - 0x00007ff9c024b000 	C:\Windows\SYSTEM32\CRYPTSP.dll
0x00007ff9bf540000 - 0x00007ff9bf577000 	C:\Windows\system32\rsaenh.dll
0x00007ff9bf1d0000 - 0x00007ff9bf1f8000 	C:\Windows\SYSTEM32\USERENV.dll
0x00007ff9bf530000 - 0x00007ff9bf53c000 	C:\Windows\SYSTEM32\CRYPTBASE.dll

dbghelp: loaded successfully - version: 4.0.5 - missing functions: none
symbol engine: initialized successfully - sym options: 0x614 - pdb path: .;C:\Program Files\Java\jdk-21\bin;C:\Windows\SYSTEM32;C:\Windows\WinSxS\amd64_microsoft.windows.common-controls_6595b64144ccf1df_6.0.22621.5124_none_270e8f4f7386d69d;C:\Program Files\Java\jdk-21\bin\server

VM Arguments:
java_command: C:\Users\exelc\AppData\Local\Temp\surefire11019781236381143051\surefirebooter-20250411195941015_3.jar C:\Users\exelc\AppData\Local\Temp\surefire11019781236381143051 2025-04-11T19-59-40_774-jvmRun1 surefire-20250411195941015_1tmp surefire_0-20250411195941015_2tmp
java_class_path (initial): C:\Users\exelc\AppData\Local\Temp\surefire11019781236381143051\surefirebooter-20250411195941015_3.jar
Launcher Type: SUN_STANDARD

[Global flags]
     intx CICompilerCount                          = 4                                         {product} {ergonomic}
     uint ConcGCThreads                            = 3                                         {product} {ergonomic}
     uint G1ConcRefinementThreads                  = 10                                        {product} {ergonomic}
   size_t G1HeapRegionSize                         = 4194304                                   {product} {ergonomic}
    uintx GCDrainStackTargetSize                   = 64                                        {product} {ergonomic}
   size_t InitialHeapSize                          = 536870912                                 {product} {ergonomic}
   size_t MarkStackSize                            = 4194304                                   {product} {ergonomic}
   size_t MaxHeapSize                              = 8573157376                                {product} {ergonomic}
   size_t MaxNewSize                               = 5142216704                                {product} {ergonomic}
   size_t MinHeapDeltaBytes                        = 4194304                                   {product} {ergonomic}
   size_t MinHeapSize                              = 8388608                                   {product} {ergonomic}
    uintx NonNMethodCodeHeapSize                   = 5839372                                {pd product} {ergonomic}
    uintx NonProfiledCodeHeapSize                  = 122909434                              {pd product} {ergonomic}
    uintx ProfiledCodeHeapSize                     = 122909434                              {pd product} {ergonomic}
    uintx ReservedCodeCacheSize                    = 251658240                              {pd product} {ergonomic}
     bool SegmentedCodeCache                       = true                                      {product} {ergonomic}
   size_t SoftMaxHeapSize                          = 8573157376                             {manageable} {ergonomic}
     bool UseCompressedOops                        = true                           {product lp64_product} {ergonomic}
     bool UseG1GC                                  = true                                      {product} {ergonomic}
     bool UseLargePagesIndividualAllocation        = false                                  {pd product} {ergonomic}

Logging:
Log output configuration:
 #0: stdout all=warning uptime,level,tags foldmultilines=false
 #1: stderr all=off uptime,level,tags foldmultilines=false

Environment Variables:
JAVA_HOME=C:\Program Files\Java\jdk-21
PATH=C:\Program Files\Common Files\Oracle\Java\javapath;C:\Program Files (x86)\Common Files\Oracle\Java\java8path;C:\Program Files (x86)\Common Files\Oracle\Java\javapath;C:\Windows\system32;C:\Windows;C:\Windows\System32\Wbem;C:\Windows\System32\WindowsPowerShell\v1.0\;C:\Windows\System32\OpenSSH\;C:\Program Files\dotnet\;C:\Program Files\MongoDB\Server\7.0\bin;C:\Program Files\Java\jdk-21\bin;C:\Program Files\Git\cmd;C:\Program Files\nodejs\;C:\Users\exelc\Pictures\apache-maven-3.9.9\bin;;C:\Program Files\Docker\Docker\resources\bin;C:\Program Files\MySQL\MySQL Shell 8.0\bin\;C:\Users\exelc\AppData\Local\Microsoft\WindowsApps;C:\Program Files\MongoDB\Server\7.0\bin;C:\Program Files\mongosh\;C:\Users\exelc\AppData\Local\Programs\Microsoft VS Code\bin;C:\Users\exelc\AppData\Roaming\npm;C:\Users\exelc\.fly\bin
USERNAME=exelc
OS=Windows_NT
PROCESSOR_IDENTIFIER=AMD64 Family 23 Model 113 Stepping 0, AuthenticAMD
TMP=C:\Users\exelc\AppData\Local\Temp
TEMP=C:\Users\exelc\AppData\Local\Temp




Periodic native trim disabled

---------------  S Y S T E M  ---------------

OS:
 Windows 11 , 64 bit Build 22621 (10.0.22621.5124)
OS uptime: 0 days 4:26 hours
Hyper-V role detected

CPU: total 12 (initial active 12) (12 cores per cpu, 2 threads per core) family 23 model 113 stepping 0 microcode 0x0, cx8, cmov, fxsr, ht, mmx, 3dnowpref, sse, sse2, sse3, ssse3, sse4a, sse4.1, sse4.2, popcnt, lzcnt, tsc, tscinvbit, avx, avx2, aes, clmul, bmi1, bmi2, adx, sha, fma, vzeroupper, clflush, clflushopt, hv, rdtscp, rdpid, f16c
Processor Information for all 12 processors :
  Max Mhz: 3600, Current Mhz: 3600, Mhz Limit: 3600

Memory: 4k page, system-wide physical 32690M (16985M free)
TotalPageFile size 50098M (AvailPageFile size 27041M)
current process WorkingSet (physical memory assigned to process): 238M, peak: 240M
current process commit charge ("private bytes"): 282M, peak: 666M

vm_info: Java HotSpot(TM) 64-Bit Server VM (21.0.6+8-LTS-188) for windows-amd64 JRE (21.0.6+8-LTS-188), built on 2024-12-03T10:50:54Z by "mach5one" with MS VC++ 17.6 (VS2022)

END.
